<?xml version="1.0" encoding="UTF-8"?>
<!-- Generated by org.testng.reporters.JUnitXMLReporter -->
<testsuite ignored="0" hostname="KVP-LP-492" failures="0" tests="3" name="Default test" time="67.777" errors="0" timestamp="2024-02-12T17:05:15 IST">
  <testcase classname="com.kvp.testcases.Android.TC2_LoginScreenTest" name="loginScreenTest" time="18.228"/>
  <testcase classname="com.kvp.testcases.Android.TC2_LoginScreenTest" name="loginScreenTest" time="17.049"/>
  <testcase classname="com.kvp.testcases.Android.TC2_LoginScreenTest" name="loginScreenTest" time="17.292"/>
</testsuite> <!-- Default test -->
