<?xml version="1.0" encoding="UTF-8"?>
<!-- Generated by org.testng.reporters.JUnitXMLReporter -->
<testsuite ignored="0" hostname="KVP-LP-492" failures="1" tests="4" name="End to end Framework Test" time="257.381" errors="0" timestamp="2024-02-23T16:51:51 IST">
  <testcase classname="com.kvp.testcases.Android.TC1_EndToEnd" name="endToEnd" time="89.599"/>
  <testcase classname="com.kvp.testcases.Android.TC3_NoOrder" name="noOrder" time="34.974"/>
  <testcase classname="com.kvp.testcases.Android.TC4_SchemeSelection" name="selectScheme" time="40.495">
    <failure type="java.lang.IndexOutOfBoundsException" message="Index 1 out of bounds for length 0">
      <![CDATA[java.lang.IndexOutOfBoundsException: Index 1 out of bounds for length 0
at java.base/jdk.internal.util.Preconditions.outOfBounds(Preconditions.java:64)
at java.base/jdk.internal.util.Preconditions.outOfBoundsCheckIndex(Preconditions.java:70)
at java.base/jdk.internal.util.Preconditions.checkIndex(Preconditions.java:266)
at java.base/java.util.Objects.checkIndex(Objects.java:361)
at java.base/java.util.ArrayList.get(ArrayList.java:427)
at io.appium.java_client.pagefactory.ElementListInterceptor.getObject(ElementListInterceptor.java:40)
at io.appium.java_client.pagefactory.interceptors.InterceptorOfAListOfElements.call(InterceptorOfAListOfElements.java:47)
at io.appium.java_client.proxy.Interceptor.intercept(Interceptor.java:77)
at net.bytebuddy.renamed.java.util.ArrayList$ByteBuddy$4prWBQmf.get(Unknown Source)
at com.kvp.pageobject.android.Page_SelectScheme.selectScheme(Page_SelectScheme.java:33)
at com.kvp.testcases.Android.TC4_SchemeSelection.selectScheme(TC4_SchemeSelection.java:25)
at java.base/java.util.ArrayList.forEach(ArrayList.java:1511)
... Removed 30 stack frames]]>
    </failure>
  </testcase> <!-- selectScheme -->
  <testcase classname="com.kvp.testcases.Android.TC6_AccountsFlow" name="selectScheme" time="34.554"/>
</testsuite> <!-- End to end Framework Test -->
