<?xml version="1.0" encoding="UTF-8"?>
<testng-results ignored="0" total="1" passed="1" failed="0" skipped="0">
  <reporter-output>
  </reporter-output>
  <suite started-at="2024-06-24T18:30:47 IST" name="Default suite" finished-at="2024-06-24T18:31:39 IST" duration-ms="51238">
    <groups>
      <group name="All_Tests">
        <method signature="TC2_DashbordView.dashboardTest()[pri:0, instance:com.kvp.testcases.Android.TC2_DashbordView@402c4085]" name="dashboardTest" class="com.kvp.testcases.Android.TC2_DashbordView"/>
      </group> <!-- All_Tests -->
    </groups>
    <test started-at="2024-06-24T18:30:47 IST" name="Default test" finished-at="2024-06-24T18:31:39 IST" duration-ms="51238">
      <class name="com.kvp.testcases.Android.TC2_DashbordView">
        <test-method is-config="true" signature="configureAppium()[pri:0, instance:com.kvp.testcases.Android.TC2_DashbordView@402c4085]" started-at="2024-06-24T18:30:47 IST" name="configureAppium" finished-at="2024-06-24T18:31:03 IST" duration-ms="16009" status="PASS">
          <reporter-output>
          </reporter-output>
        </test-method> <!-- configureAppium -->
        <test-method signature="dashboardTest()[pri:0, instance:com.kvp.testcases.Android.TC2_DashbordView@402c4085]" started-at="2024-06-24T18:31:03 IST" name="dashboardTest" finished-at="2024-06-24T18:31:38 IST" duration-ms="34191" status="PASS">
          <reporter-output>
          </reporter-output>
        </test-method> <!-- dashboardTest -->
        <test-method is-config="true" signature="tearDown()[pri:0, instance:com.kvp.testcases.Android.TC2_DashbordView@402c4085]" started-at="2024-06-24T18:31:38 IST" name="tearDown" finished-at="2024-06-24T18:31:39 IST" duration-ms="987" status="PASS">
          <reporter-output>
          </reporter-output>
        </test-method> <!-- tearDown -->
      </class> <!-- com.kvp.testcases.Android.TC2_DashbordView -->
    </test> <!-- Default test -->
  </suite> <!-- Default suite -->
</testng-results>
