<?xml version="1.0" encoding="UTF-8"?>
<testng-results ignored="0" total="1" passed="1" failed="0" skipped="0">
  <reporter-output>
  </reporter-output>
  <suite started-at="2024-05-16T18:10:51 IST" name="Default suite" finished-at="2024-05-16T18:14:25 IST" duration-ms="213349">
    <groups>
      <group name="All_Tests">
        <method signature="TC6_AccountsFlow.accountsFlow()[pri:0, instance:com.kvp.testcases.Android.TC6_AccountsFlow@2767e23c]" name="accountsFlow" class="com.kvp.testcases.Android.TC6_AccountsFlow"/>
      </group> <!-- All_Tests -->
      <group name="Regression">
        <method signature="TC6_AccountsFlow.accountsFlow()[pri:0, instance:com.kvp.testcases.Android.TC6_AccountsFlow@2767e23c]" name="accountsFlow" class="com.kvp.testcases.Android.TC6_AccountsFlow"/>
      </group> <!-- Regression -->
    </groups>
    <test started-at="2024-05-16T18:10:51 IST" name="Default test" finished-at="2024-05-16T18:14:25 IST" duration-ms="213349">
      <class name="com.kvp.testcases.Android.TC6_AccountsFlow">
        <test-method is-config="true" signature="configureAppium()[pri:0, instance:com.kvp.testcases.Android.TC6_AccountsFlow@2767e23c]" started-at="2024-05-16T18:10:52 IST" name="configureAppium" finished-at="2024-05-16T18:11:03 IST" duration-ms="11773" status="PASS">
          <reporter-output>
          </reporter-output>
        </test-method> <!-- configureAppium -->
        <test-method signature="accountsFlow()[pri:0, instance:com.kvp.testcases.Android.TC6_AccountsFlow@2767e23c]" started-at="2024-05-16T18:11:03 IST" name="accountsFlow" finished-at="2024-05-16T18:14:24 IST" duration-ms="201013" status="PASS">
          <reporter-output>
          </reporter-output>
        </test-method> <!-- accountsFlow -->
        <test-method is-config="true" signature="tearDown()[pri:0, instance:com.kvp.testcases.Android.TC6_AccountsFlow@2767e23c]" started-at="2024-05-16T18:14:24 IST" name="tearDown" finished-at="2024-05-16T18:14:25 IST" duration-ms="512" status="PASS">
          <reporter-output>
          </reporter-output>
        </test-method> <!-- tearDown -->
      </class> <!-- com.kvp.testcases.Android.TC6_AccountsFlow -->
    </test> <!-- Default test -->
  </suite> <!-- Default suite -->
</testng-results>
